═══════════════════════════════════════════════════════════════
  Nutanix ZTI Pipeline Log
═══════════════════════════════════════════════════════════════
  Cluster   : DEHUSNTXCLU01
  Config    : E:\SOAAA\ZTIPS\Nutanix-ZTI\Configs\DEHUSNTXCLU01.json
  Started   : 2026-05-13 17:24:32
  Total Steps: 16
═══════════════════════════════════════════════════════════════
[2026-05-13 17:24:32] [INFO] PRE-FLIGHT CHECKS — Pre-Flight Gate
[2026-05-13 17:24:32] [INFO] PASS  Prism Central port 9440 (10.0.66.25)  
[2026-05-13 17:24:33] [INFO] PASS  Prism Central REST API credentials  (admin@10.0.66.25)
[2026-05-13 17:24:33] [INFO] PASS  iLO DEHUSNTXAHV01 [10.254.4.50]  Redfish session created
[2026-05-13 17:24:33] [INFO] PASS  iLO DEHUSNTXAHV02 [10.254.4.51]  Redfish session created
[2026-05-13 17:24:33] [INFO] PASS  DNS 10.0.10.80 (TCP/53)  
[2026-05-13 17:24:33] [INFO] PASS  DNS 10.0.10.81 (TCP/53)  
[2026-05-13 17:24:33] [INFO] PASS  DNS 10.0.15.120 (TCP/53)  
[2026-05-13 17:24:33] [INFO] PASS  NTP 10.0.3.230 (ICMP)  
[2026-05-13 17:24:33] [INFO] PASS  NTP 10.0.3.250 (ICMP)  
[2026-05-13 17:24:38] [INFO] PASS  Cluster VIP 10.254.4.140  Free
[2026-05-13 17:24:43] [INFO] PASS  Data Service IP 10.254.4.141  Free
[2026-05-13 17:24:48] [INFO] PASS  AHV  DEHUSNTXAHV01 10.254.4.150  Free
[2026-05-13 17:24:53] [INFO] PASS  CVM  DEHUSNTXAHV01 10.254.4.151  Free
[2026-05-13 17:24:58] [INFO] PASS  AHV  DEHUSNTXAHV02 10.254.4.152  Free
[2026-05-13 17:25:03] [INFO] PASS  CVM  DEHUSNTXAHV02 10.254.4.153  Free
[2026-05-13 17:25:03] [INFO] PASS  AOS Package URL  5748.8 MB
[2026-05-13 17:25:04] [INFO] PASS  Hypervisor ISO URL  845 MB
[2026-05-13 17:25:04] [INFO] PASS  Phoenix ISO URL  797.4 MB
[2026-05-13 17:25:04] [INFO] PASS  CyberArk StartAuthentication  Session started (core-service-securevault-monitoring@vestas.com.65)
[2026-05-13 17:25:05] [INFO] PASS  CyberArk password challenge  
[2026-05-13 17:25:05] [INFO] PASS  CyberArk security answer  Full authentication successful — token obtained
[2026-05-13 17:25:05] [INFO] PASS  Witness EMEA-Witness01 ping  10.0.66.2 reachable
[2026-05-13 17:25:07] [INFO] PASS  Witness EMEA-Witness01 SSH  SSH authenticated (admin@10.0.66.2)
[2026-05-13 17:25:08] [INFO] Pre-flight summary: Pass=23 Warn=0 Fail=0
[2026-05-13 17:25:08] [INFO] Nutanix ZTI Pipeline  ·  DEHUSNTXCLU01
[2026-05-13 17:25:08] [INFO] SKIPPED: Phoenix Boot — Mount ISO & Reboot
[2026-05-13 17:25:08] [INFO] SKIPPED: Phoenix Boot Check — Wait for Phoenix OS
[2026-05-13 17:25:08] [INFO] SKIPPED: Node Discovery Check — Foundation Central
[2026-05-13 17:25:08] [INFO] STEP 4/16 : Image & Deploy Cluster (Foundation Central)
═══════════════════════════════════════════════════════════════
       Nutanix Zero Touch Installation - Cluster Deployment
═══════════════════════════════════════════════════════════════
[PHASE 1] Loading and validating configuration...
  ℹ Output level set to: minimal
  ✓ Configuration file is valid
  ⚠ IPMI credentials not specified - will use defaults (ADMIN/ADMIN)

───────────────────────────────────────────────────────────────
  Image & Deploy Phase — DEHUSNTXCLU01
  Phase started: 2026-05-13 17:25:12
───────────────────────────────────────────────────────────────
[2026-05-13 17:25:12] [INFO] Deployment started for cluster: DEHUSNTXCLU01
[2026-05-13 17:25:12] [INFO] IP addresses resolved from gateway 10.254.4.129 /26
[PHASE 2] Connecting to Foundation Central...
[2026-05-13 17:25:12] [INFO] Connecting to Foundation Central at https://10.0.66.25:9440
[2026-05-13 17:25:12] [INFO] Auto-discovering Foundation Central API endpoint...
[2026-05-13 17:25:12] [DEBUG] Testing: https://10.0.66.25:9440/api/fc/v1/imaged_nodes/list (GET)
[2026-05-13 17:25:12] [DEBUG] Failed: FC v1 API - imaged nodes list - Response status code does not indicate success: 422 (UNPROCESSABLE ENTITY).
[2026-05-13 17:25:12] [DEBUG] Testing: https://10.0.66.25:9440/api/fc/v1/imaged_nodes/list (POST)
[2026-05-13 17:25:12] [SUCCESS] SUCCESS: FC v1 API - imaged nodes list (POST)
[2026-05-13 17:25:12] [SUCCESS] Found working endpoint: /api/fc/v1/imaged_nodes/list
[2026-05-13 17:25:12] [INFO] Using HTTP method: POST
[2026-05-13 17:25:12] [INFO] Base API path: /api/fc/v1
[2026-05-13 17:25:12] [INFO] Testing imaging endpoints...
[2026-05-13 17:25:12] [DEBUG] Testing imaging: https://10.0.66.25:9440/api/fc/v1/imaged_clusters
[2026-05-13 17:25:13] [SUCCESS] SUCCESS: FC v1 API - imaged clusters endpoint exists (validation error is expected)
[2026-05-13 17:25:13] [SUCCESS] Foundation Central connection successful
  ✓ Connected to Foundation Central
[PHASE 3] Discovering nodes...
[2026-05-13 17:25:13] [INFO] Discovering available nodes in Foundation Central
[2026-05-13 17:25:13] [INFO] Using detected endpoint from connection: POST /api/fc/v1/imaged_nodes/list
[2026-05-13 17:25:13] [INFO] Will try 7 API endpoints for node discovery
[2026-05-13 17:25:13] [INFO] Trying API endpoint: POST https://10.0.66.25:9440/api/fc/v1/imaged_nodes/list
[2026-05-13 17:25:13] [DEBUG] Request body: {
  "kind": "imaged_node",
  "length": 500
}
[2026-05-13 17:25:13] [DEBUG] Invoking REST method...
[2026-05-13 17:25:13] [DEBUG] Response received, type: PSCustomObject
[2026-05-13 17:25:13] [SUCCESS] Successfully connected to API endpoint: POST https://10.0.66.25:9440/api/fc/v1/imaged_nodes/list
[2026-05-13 17:25:13] [INFO] Foundation Central API response received (FC node list retrieved)
[2026-05-13 17:25:13] [INFO] Received 2 total nodes from Foundation Central
[2026-05-13 17:25:13] [DEBUG] Response has properties: imaged_nodes, metadata

=== FOUNDATION CENTRAL API RESPONSE STRUCTURE ===
Properties: imaged_nodes, metadata
Nodes Count: 2
===================================================
[2026-05-13 17:25:13] [DEBUG] First node structure: {"aos_capabilities":null,"aos_version":"","api_key_uuid":"15b9582a-45e0-4f0f-6a70-94b46b3a9e54","available":true,"block_serial":"CZUD3P01P1","created_timestamp":"2026-05-13T13:39:13Z","current_time":"2026-05-13T15:25:13Z","cvm_gateway":"","cvm_ip":"","cvm_ipv6":"fe80::3a25:f3ff:fefa:8fd8","cvm_netmask":"","cvm_up":false,"cvm_uuid":"","cvm_vlan_id":0,"foundation_version":"","hardware_attributes":{"default_workload":"vdi","enable_pciHole":true,"lcm_family":"hp_dx_proliant_gen12_intel","license_class":"software_only","maybe_1GbE_only":true,"one_node_cluster":true,"two_node_cluster":true},"hypervisor_gateway":"10.254.4.129","hypervisor_hostname":"","hypervisor_ip":"10.254.4.130","hypervisor_netmask":"255.255.255.192","hypervisor_type":"DiscoveryOS","hypervisor_version":"5.10.3","imaged_cluster_uuid":"","imaged_node_uuid":"186b76b0-6695-42e2-7a4b-d34e7a6648fe","ipmi_gateway":"10.254.4.49","ipmi_ip":"10.254.4.50","ipmi_netmask":"255.255.255.240","ipv6_interface":"eth0","last_deployment_state":"STATE_FAILED","last_deployment_uuid":"814859f4-943d-4f09-6cd3-2740d0ec1e1a","latest_hb_ts_list":["2026-05-13T15:01:27Z","2026-05-13T15:11:27Z","2026-05-13T15:21:27Z"],"model":"HPE DL360 10SFF NVMe G12 DX","node_position":"A","node_role":"hyperconverged","node_serial":"CZUD3P01P1","node_state":"STATE_AVAILABLE","node_type":"on-prem","object_version":257,"supported_features":["API_KEY_DELETION","AHV_ISO_URL"],"user_name":""}
[2026-05-13 17:25:13] [DEBUG] Node: CZUD3P01P1, State: STATE_AVAILABLE, Available: True
[2026-05-13 17:25:13] [INFO] Added node: CZUD3P01P1 (State: STATE_AVAILABLE, Model: HPE DL360 10SFF NVMe G12 DX)
[2026-05-13 17:25:13] [DEBUG] Node: CZUD3P01P2, State: STATE_AVAILABLE, Available: True
[2026-05-13 17:25:13] [INFO] Added node: CZUD3P01P2 (State: STATE_AVAILABLE, Model: HPE DL360 10SFF NVMe G12 DX)
[2026-05-13 17:25:13] [INFO] Found 2 available nodes
  ✓ Found 2 available nodes
  Using serial number-based node matching...
  Searching for nodes with serials: CZUD3P01P1, CZUD3P01P2
[2026-05-13 17:25:13] [INFO] Matching nodes by serial numbers: CZUD3P01P1, CZUD3P01P2
[2026-05-13 17:25:13] [SUCCESS] Node 1 matched: Serial CZUD3P01P1, Model HPE DL360 10SFF NVMe G12 DX, UUID 186b76b0-6695-42e2-7a4b-d34e7a6648fe
[2026-05-13 17:25:13] [SUCCESS] Node 2 matched: Serial CZUD3P01P2, Model HPE DL360 10SFF NVMe G12 DX, UUID 59908d88-7721-4b61-488d-de4795135726
  ✓ Node 1: Serial CZUD3P01P1, Model HPE DL360 10SFF NVMe G12 DX, UUID: 186b76b0-6695-42e2-7a4b-d34e7a6648fe
  ✓ Node 2: Serial CZUD3P01P2, Model HPE DL360 10SFF NVMe G12 DX, UUID: 59908d88-7721-4b61-488d-de4795135726
  Auto-detecting network configuration from discovered nodes...
  Analyzing node imaging state...
[2026-05-13 17:25:13] [INFO] Node imaging state analysis:
[2026-05-13 17:25:13] [INFO]   Node 1 (CZUD3P01P1): BARE_METAL - CVM: Not configured
[2026-05-13 17:25:13] [INFO]   Node 2 (CZUD3P01P2): BARE_METAL - CVM: Not configured
[2026-05-13 17:25:13] [INFO] Both nodes are BARE METAL - full imaging will be performed
  ✓ Both nodes are BARE METAL - ready for fresh imaging
[2026-05-13 17:25:13] [INFO] Imaging decision: NeedsImaging=True, Reason=Bare metal nodes require initial imaging
[PHASE 4] Running pre-deployment validation...
Foundation Central Port Validation:
  ✓ Port 9440 (Foundation Central) accessible on 10.0.66.25
  ✓ ICMP (Ping) responding to Foundation Central
    ICMP must be enabled between nodes and Foundation Central
Network Validation:
[2026-05-13 17:25:14] [INFO] Checking if Cluster VIP is available...
[2026-05-13 17:25:14] [INFO] Checking gateway connectivity...
[2026-05-13 17:25:14] [INFO] Checking DNS server 10.0.10.80...
[2026-05-13 17:25:14] [INFO] Checking DNS server 10.0.10.81...
[2026-05-13 17:25:14] [INFO] Checking DNS server 10.0.15.120...
  ✓ Cluster VIP 10.254.4.140 is available
  ✓ Gateway 10.254.4.129 is reachable
  ✓ DNS server 10.0.10.80 is reachable
  ✓ DNS server 10.0.10.81 is reachable
  ✓ DNS server 10.0.15.120 is reachable
Foundation Central Validation:
[2026-05-13 17:25:14] [INFO] Checking AOS version availability...
[2026-05-13 17:25:15] [DEBUG] Could not verify AOS packages in FC: 
{
  "code": 404,
  "message_list": [
    "path /api/fc/v1/aos_packages/list was not found"
  ]
}
[2026-05-13 17:25:15] [INFO] Checking hypervisor image availability...
[2026-05-13 17:25:15] [DEBUG] Could not verify hypervisor ISOs in FC: 
{
  "code": 404,
  "message_list": [
    "path /api/fc/v1/hypervisor_isos/list was not found"
  ]
}
  ✓ Foundation Central API is accessible and responding
  ⚠ AOS packages endpoint not available (using aos_package_url from config)
  ⚠ Hypervisor ISOs endpoint not available (FC will download as needed)
Image File Accessibility:
  ✓ DNS server 10.0.10.80 is reachable
  ✓ All critical validation checks passed!
[IP CONFIGURATION] Using node-specific IP settings...
  Node 1 CVM IP: 10.254.4.151
  Node 1 Hypervisor IP: 10.254.4.150
  Node 2 CVM IP: 10.254.4.153
  Node 2 Hypervisor IP: 10.254.4.152

═══════════════════════════════════════════════════════════════
                    DEPLOYMENT PLAN
═══════════════════════════════════════════════════════════════

Operation Mode:    Both - Bare metal deployment (image + cluster)

Cluster Configuration:
  Name:              DEHUSNTXCLU01
  Gateway:           10.254.4.129
  Prefix Length:     26
  VLAN:              18
  
Auto-Generated Network IPs:
  Cluster VIP:       10.254.4.140
  Subnet Mask:       255.255.255.192
  
Node 1:
  Hostname:          DEHUSNTXAHV01
  Serial:            CZUD3P01P1
  Model:             
  IPMI:              10.254.4.21
  CVM IP:            10.254.4.151
  Hypervisor IP:     10.254.4.150
Node 2:
  Hostname:          DEHUSNTXAHV02
  Serial:            CZUD3P01P2
  Model:             
  IPMI:              10.254.4.22
  CVM IP:            10.254.4.153
  Hypervisor IP:     10.254.4.152
Software:
  AOS Version:       7.5.1
  Hypervisor:        AHV
  Timezone:          Europe/Copenhagen
  
Services:
  DNS:               10.0.10.80, 10.0.10.81, 10.0.15.120
  NTP:               10.0.3.230, 10.0.3.250
  
Storage:
  Container:         Workload-Container

═══════════════════════════════════════════════════════════════
[PHASE 5.5] Building imaging request body...
[2026-05-13 17:25:15] [INFO] Full imaging enabled (image_now=true) - nodes will be imaged from scratch
[2026-05-13 17:25:15] [INFO] Using hypervisor ISO from URL: https://vstimageprd01.blob.core.windows.net/images/AHV-DVD-x86_64-11.0.1-144.iso
[2026-05-13 17:25:15] [INFO] Imaging request body built (node count: 0)
Imaging Request Body Validation:
  Body Type:        Hashtable
  Body Keys:        11 keys
    └─ cluster_name, nodes_list, aos_package_url, skip_cluster_creation, timezone, common_network_settings, hypervisor_iso_details, redundancy_factor, hypervisor_isos, cluster_external_ip, cluster_type
  JSON Length:      2153 characters
  Hypervisor ISO:   https://vstimageprd01.blob.core.windows.net/images/AHV-DVD-x86_64-11.0.1-144.iso
  Nodes:            2 nodes
    └─ Node 1 Serial: CZUD3P01P1
    └─ Node 2 Serial: CZUD3P01P2
  ✓ Body validation passed
═══════════════════════════════════════════════════════════════
  Log Information
═══════════════════════════════════════════════════════════════
  ℹ A detailed log file is created in the Logs folder
  ℹ The log file contains all data sent to the cluster process
  ℹ Log file location: E:\SOAAA\ZTIPS\Nutanix-ZTI\Logs\run-DEHUSNTXCLU01-20260513-172432.log
  Starting deployment of cluster: DEHUSNTXCLU01
[2026-05-13 17:25:15] [INFO] Imaging body built and validated for cluster: DEHUSNTXCLU01
[PHASE 7] Starting cluster imaging...
[2026-05-13 17:25:15] [INFO] Starting cluster imaging job...
[2026-05-13 17:25:15] [INFO] Using discovered imaging endpoint: /api/fc/v1/imaged_clusters
[2026-05-13 17:25:15] [INFO] Imaging POST endpoint: https://10.0.66.25:9440/api/fc/v1/imaged_clusters
[2026-05-13 17:25:15] [DEBUG] Imaging POST body: {
  "cluster_name": "DEHUSNTXCLU01",
  "nodes_list": [
    {
      "node_position": "A",
      "hypervisor_gateway": "10.254.4.129",
      "cvm_netmask": "255.255.255.192",
      "cvm_gateway": "10.254.4.129",
      "hypervisor_type": "kvm",
      "node_serial": "CZUD3P01P1",
      "hypervisor_ip": "10.254.4.150",
      "cvm_ip": "10.254.4.151",
      "hypervisor_hostname": "DEHUSNTXAHV01",
      "image_now": true,
      "hypervisor_netmask": "255.255.255.192",
      "imaged_node_uuid": "186b76b0-6695-42e2-7a4b-d34e7a6648fe"
    },
    {
      "node_position": "B",
      "hypervisor_gateway": "10.254.4.129",
      "cvm_netmask": "255.255.255.192",
      "cvm_gateway": "10.254.4.129",
      "hypervisor_type": "kvm",
      "node_serial": "CZUD3P01P2",
      "hypervisor_ip": "10.254.4.152",
      "cvm_ip": "10.254.4.153",
      "hypervisor_hostname": "DEHUSNTXAHV02",
      "image_now": true,
      "hypervisor_netmask": "255.255.255.192",
      "imaged_node_uuid": "59908d88-7721-4b61-488d-de4795135726"
    }
  ],
  "aos_package_url": "https://vstimageprd01.blob.core.windows.net/images/nutanix_installer_package-release-ganges-7.5.1.1-stable-e3ee10f42f1985c39d367d52296ed5387a594eb7-x86_64.tar.gz",
  "skip_cluster_creation": false,
  "timezone": "Europe/Copenhagen",
  "common_network_settings": {
    "hypervisor_dns_servers": [
      "10.0.10.80",
      "10.0.10.81",
      "10.0.15.120"
    ],
    "hypervisor_ntp_servers": [
      "10.0.3.230",
      "10.0.3.250"
    ],
    "cvm_ntp_servers": [
      "10.0.3.230",
      "10.0.3.250"
    ],
    "cvm_dns_servers": [
      "10.0.10.80",
      "10.0.10.81",
      "10.0.15.120"
    ]
  },
  "hypervisor_iso_details": {
    "hypervisor_type": "kvm",
    "url": "https://vstimageprd01.blob.core.windows.net/images/AHV-DVD-x86_64-11.0.1-144.iso"
  },
  "redundancy_factor": 2,
  "hypervisor_isos": [
    {
      "hypervisor_type": "kvm",
      "url": "https://vstimageprd01.blob.core.windows.net/images/AHV-DVD-x86_64-11.0.1-144.iso"
    }
  ],
  "cluster_external_ip": "10.254.4.140",
  "cluster_type": "hyperconverged"
}
[2026-05-13 17:25:15] [DEBUG] Using NTNX-Request-Id: 1d63dd3d-6c46-49e7-af65-a1cb915a9b8a
[2026-05-13 17:25:16] [DEBUG] Full imaging response received: {"imaged_cluster_uuid":"8539f7b8-6e45-4b94-67ed-461550618ecc"}
[2026-05-13 17:25:16] [SUCCESS] Imaging job created: 8539f7b8-6e45-4b94-67ed-461550618ecc
  ✓ Imaging job created: 8539f7b8-6e45-4b94-67ed-461550618ecc
[PHASE 8] Waiting for imaging completion...
(This typically takes 30-50 minutes)
[2026-05-13 17:25:16] [INFO] Waiting for imaging completion (timeout: 120 minutes)...
[2026-05-13 17:25:16] [DEBUG] FC progress tracking active for cluster UUID 8539f7b8-6e45-4b94-67ed-461550618ecc
[----------------------------------------]   0% - Queued (0 min)
[2026-05-13 17:25:16] [INFO] [----------------------------------------]   0% - Queued (0 min)
[----------------------------------------]   0% - Queued (1 min)
[2026-05-13 17:25:46] [INFO] [----------------------------------------]   0% - Queued (1 min)
[----------------------------------------]   0% - Queued (1 min)
[2026-05-13 17:26:16] [INFO] [----------------------------------------]   0% - Queued (1 min)
[----------------------------------------]   0% - Queued (2 min)
[2026-05-13 17:26:46] [INFO] [----------------------------------------]   0% - Queued (2 min)
[----------------------------------------]   0% - Queued (2 min)
[2026-05-13 17:27:17] [INFO] [----------------------------------------]   0% - Queued (2 min)
[----------------------------------------]   0% - Queued (3 min)
[2026-05-13 17:27:47] [INFO] [----------------------------------------]   0% - Queued (3 min)
[----------------------------------------]   0% - Queued (3 min)
[2026-05-13 17:28:17] [INFO] [----------------------------------------]   0% - Queued (3 min)
[----------------------------------------]   0% - Queued (4 min)
[2026-05-13 17:28:47] [INFO] [----------------------------------------]   0% - Queued (4 min)
[----------------------------------------]   0% - Queued (4 min)
[2026-05-13 17:29:17] [INFO] [----------------------------------------]   0% - Queued (4 min)
[----------------------------------------]   0% - Queued (5 min)
[2026-05-13 17:29:48] [INFO] [----------------------------------------]   0% - Queued (5 min)
[----------------------------------------]   0% - Queued (5 min)
[2026-05-13 17:30:18] [INFO] [----------------------------------------]   0% - Queued (5 min)
[----------------------------------------]   0% - Queued (6 min)
[2026-05-13 17:30:48] [INFO] [----------------------------------------]   0% - Queued (6 min)
[----------------------------------------]   0% - Queued (6 min)
[2026-05-13 17:31:18] [INFO] [----------------------------------------]   0% - Queued (6 min)
[----------------------------------------]   0% - Queued (7 min)
[2026-05-13 17:31:48] [INFO] [----------------------------------------]   0% - Queued (7 min)
[----------------------------------------]   0% - Queued (7 min)
[2026-05-13 17:32:19] [INFO] [----------------------------------------]   0% - Queued (7 min)
[----------------------------------------]   0% - Queued (8 min)
[2026-05-13 17:32:49] [INFO] [----------------------------------------]   0% - Queued (8 min)
[----------------------------------------]   0% - Queued (8 min)
[2026-05-13 17:33:19] [INFO] [----------------------------------------]   0% - Queued (8 min)
[----------------------------------------]   0% - Queued (9 min)
[2026-05-13 17:33:49] [INFO] [----------------------------------------]   0% - Queued (9 min)
[----------------------------------------]   0% - Queued (9 min)
[2026-05-13 17:34:19] [INFO] [----------------------------------------]   0% - Queued (9 min)
[----------------------------------------]   0% - Queued (10 min)
[2026-05-13 17:34:50] [INFO] [----------------------------------------]   0% - Queued (10 min)
[----------------------------------------]   0% - Queued (10 min)
[2026-05-13 17:35:20] [INFO] [----------------------------------------]   0% - Queued (10 min)
[----------------------------------------]   0% - Queued (11 min)
[2026-05-13 17:35:50] [INFO] [----------------------------------------]   0% - Queued (11 min)
[----------------------------------------]   0% - Queued (11 min)
[2026-05-13 17:36:20] [INFO] [----------------------------------------]   0% - Queued (11 min)
[----------------------------------------]   0% - Queued (12 min)
[2026-05-13 17:36:50] [INFO] [----------------------------------------]   0% - Queued (12 min)
[----------------------------------------]   0% - Queued (12 min)
[2026-05-13 17:37:21] [INFO] [----------------------------------------]   0% - Queued (12 min)
[----------------------------------------]   0% - Queued (13 min)
[2026-05-13 17:37:51] [INFO] [----------------------------------------]   0% - Queued (13 min)
[----------------------------------------]   0% - Queued (13 min)
[2026-05-13 17:38:21] [INFO] [----------------------------------------]   0% - Queued (13 min)
[----------------------------------------]   0% - Queued (14 min)
[2026-05-13 17:38:51] [INFO] [----------------------------------------]   0% - Queued (14 min)
[----------------------------------------]   0% - Queued (14 min)  Picked up cluster creation intent | Waiting for intent to be picked up
[2026-05-13 17:39:21] [INFO] [----------------------------------------]   0% - Queued (14 min)  Picked up cluster creation intent | Waiting for intent to be picked up
[----------------------------------------]   0% - Imaging (15 min)  Picked up cluster creation intent
[2026-05-13 17:39:52] [INFO] [----------------------------------------]   0% - Imaging (15 min)  Picked up cluster creation intent
[----------------------------------------]   0% - Imaging (15 min)  Picked up cluster creation intent
[2026-05-13 17:40:22] [INFO] [----------------------------------------]   0% - Imaging (15 min)  Picked up cluster creation intent
[----------------------------------------]   0% - Imaging (16 min)  Picked up cluster creation intent
[2026-05-13 17:40:52] [INFO] [----------------------------------------]   0% - Imaging (16 min)  Picked up cluster creation intent
[----------------------------------------]   0% - Imaging (16 min)  Picked up cluster creation intent
[2026-05-13 17:41:22] [INFO] [----------------------------------------]   0% - Imaging (16 min)  Picked up cluster creation intent
[----------------------------------------]   0% - Imaging (17 min)  Picked up cluster creation intent
[2026-05-13 17:41:52] [INFO] [----------------------------------------]   0% - Imaging (17 min)  Picked up cluster creation intent
[----------------------------------------]   0% - Imaging (17 min)  Picked up cluster creation intent
[2026-05-13 17:42:23] [INFO] [----------------------------------------]   0% - Imaging (17 min)  Picked up cluster creation intent
[----------------------------------------]   0% - Imaging (18 min)  Picked up cluster creation intent
[2026-05-13 17:42:53] [INFO] [----------------------------------------]   0% - Imaging (18 min)  Picked up cluster creation intent
[----------------------------------------]   0% - Imaging (18 min)  Picked up cluster creation intent
[2026-05-13 17:43:23] [INFO] [----------------------------------------]   0% - Imaging (18 min)  Picked up cluster creation intent
[----------------------------------------]   0% - Imaging (19 min)  Picked up cluster creation intent
[2026-05-13 17:43:53] [INFO] [----------------------------------------]   0% - Imaging (19 min)  Picked up cluster creation intent
[----------------------------------------]   0% - Imaging (19 min)  Picked up cluster creation intent
[2026-05-13 17:44:23] [INFO] [----------------------------------------]   0% - Imaging (19 min)  Picked up cluster creation intent
[----------------------------------------]   0% - Imaging (20 min)  Picked up cluster creation intent
[2026-05-13 17:44:54] [INFO] [----------------------------------------]   0% - Imaging (20 min)  Picked up cluster creation intent
[----------------------------------------]   0% - Imaging (20 min)  Picked up cluster creation intent
[2026-05-13 17:45:24] [INFO] [----------------------------------------]   0% - Imaging (20 min)  Picked up cluster creation intent
[----------------------------------------]   0% - Imaging (21 min)  Picked up cluster creation intent
[2026-05-13 17:45:54] [INFO] [----------------------------------------]   0% - Imaging (21 min)  Picked up cluster creation intent
[----------------------------------------]   0% - Imaging (21 min)  Picked up cluster creation intent
[2026-05-13 17:46:24] [INFO] [----------------------------------------]   0% - Imaging (21 min)  Picked up cluster creation intent
[----------------------------------------]   0% - Imaging (22 min)  Picked up cluster creation intent
[2026-05-13 17:46:54] [INFO] [----------------------------------------]   0% - Imaging (22 min)  Picked up cluster creation intent
[----------------------------------------]   0% - Imaging (22 min)  Picked up cluster creation intent
[2026-05-13 17:47:25] [INFO] [----------------------------------------]   0% - Imaging (22 min)  Picked up cluster creation intent
[----------------------------------------]   0% - Imaging (23 min)  Picked up cluster creation intent
[2026-05-13 17:47:55] [INFO] [----------------------------------------]   0% - Imaging (23 min)  Picked up cluster creation intent
[----------------------------------------]   0% - Imaging (23 min)  Picked up cluster creation intent
[2026-05-13 17:48:25] [INFO] [----------------------------------------]   0% - Imaging (23 min)  Picked up cluster creation intent
[----------------------------------------]   0% - Imaging (24 min)  Picked up cluster creation intent
[2026-05-13 17:48:55] [INFO] [----------------------------------------]   0% - Imaging (24 min)  Picked up cluster creation intent
[----------------------------------------]   0% - Imaging (24 min)  Picked up cluster creation intent
[2026-05-13 17:49:25] [INFO] [----------------------------------------]   0% - Imaging (24 min)  Picked up cluster creation intent
[----------------------------------------]   0% - Imaging (25 min)  Picked up cluster creation intent
[2026-05-13 17:49:56] [INFO] [----------------------------------------]   0% - Imaging (25 min)  Picked up cluster creation intent
[----------------------------------------]   0% - Imaging (25 min)  Picked up cluster creation intent
[2026-05-13 17:50:26] [INFO] [----------------------------------------]   0% - Imaging (25 min)  Picked up cluster creation intent
[----------------------------------------]   0% - Imaging (26 min)  Picked up cluster creation intent
[2026-05-13 17:50:56] [INFO] [----------------------------------------]   0% - Imaging (26 min)  Picked up cluster creation intent
[----------------------------------------]   0% - Imaging (26 min)  Picked up cluster creation intent
[2026-05-13 17:51:26] [INFO] [----------------------------------------]   0% - Imaging (26 min)  Picked up cluster creation intent
[----------------------------------------]   0% - Imaging (27 min)  Picked up cluster creation intent
[2026-05-13 17:51:56] [INFO] [----------------------------------------]   0% - Imaging (27 min)  Picked up cluster creation intent
[----------------------------------------]   0% - Imaging (27 min)  Picked up cluster creation intent
[2026-05-13 17:52:27] [INFO] [----------------------------------------]   0% - Imaging (27 min)  Picked up cluster creation intent
[----------------------------------------]   0% - Imaging (28 min)  Picked up cluster creation intent
[2026-05-13 17:52:57] [INFO] [----------------------------------------]   0% - Imaging (28 min)  Picked up cluster creation intent
[----------------------------------------]   0% - Imaging (28 min)  Picked up cluster creation intent
[2026-05-13 17:53:27] [INFO] [----------------------------------------]   0% - Imaging (28 min)  Picked up cluster creation intent
[----------------------------------------]   0% - Imaging (29 min)  Picked up cluster creation intent
[2026-05-13 17:53:57] [INFO] [----------------------------------------]   0% - Imaging (29 min)  Picked up cluster creation intent
[----------------------------------------]   0% - Imaging (29 min)  Error occurred while downloading file 'nutanix_installer_package-release-ganges-7.5.1.1-stable-e3ee10f42f1985c39d367d52296ed5387a594eb7-x86_64.tar.gz': <urlopen error [Errno 110] Connection timed out>
 | Picked up cluster creation intent
[2026-05-13 17:54:27] [INFO] [----------------------------------------]   0% - Imaging (29 min)  Error occurred while downloading file 'nutanix_installer_package-release-ganges-7.5.1.1-stable-e3ee10f42f1985c39d367d52296ed5387a594eb7-x86_64.tar.gz': <urlopen error [Errno 110] Connection timed out>
 | Picked up cluster creation intent
[----------------------------------------]   0% - Imaging (30 min)  Error occurred while downloading file 'nutanix_installer_package-release-ganges-7.5.1.1-stable-e3ee10f42f1985c39d367d52296ed5387a594eb7-x86_64.tar.gz': <urlopen error [Errno 110] Connection timed out>
[2026-05-13 17:54:58] [INFO] [----------------------------------------]   0% - Imaging (30 min)  Error occurred while downloading file 'nutanix_installer_package-release-ganges-7.5.1.1-stable-e3ee10f42f1985c39d367d52296ed5387a594eb7-x86_64.tar.gz': <urlopen error [Errno 110] Connection timed out>

