═══════════════════════════════════════════════════════════════
  Nutanix ZTI Pipeline Log
═══════════════════════════════════════════════════════════════
  Cluster   : DEHUSNTXCLU01
  Config    : E:\SOAAA\ZTIPS\Nutanix-ZTI\Configs\DEHUSNTXCLU01.json
  Started   : 2026-05-15 11:39:40
  Total Steps: 16
═══════════════════════════════════════════════════════════════
[2026-05-15 11:39:40] [INFO] PRE-FLIGHT CHECKS — Pre-Flight Gate
[2026-05-15 11:39:41] [INFO] PASS  Prism Central port 9440 (10.0.66.25)  
[2026-05-15 11:39:41] [INFO] PASS  Prism Central REST API credentials  (admin@10.0.66.25)
[2026-05-15 11:39:41] [INFO] PASS  iLO DEHUSNTXAHV01 [10.254.4.50]  Redfish session created
[2026-05-15 11:39:41] [INFO] PASS  iLO DEHUSNTXAHV02 [10.254.4.51]  Redfish session created
[2026-05-15 11:39:41] [INFO] PASS  DNS 10.0.10.80 (TCP/53)  
[2026-05-15 11:39:42] [INFO] PASS  DNS 10.0.10.81 (TCP/53)  
[2026-05-15 11:39:42] [INFO] PASS  DNS 10.0.15.120 (TCP/53)  
[2026-05-15 11:39:42] [INFO] PASS  NTP 10.0.3.230 (ICMP)  
[2026-05-15 11:39:42] [INFO] PASS  NTP 10.0.3.250 (ICMP)  
[2026-05-15 11:39:46] [INFO] PASS  Cluster VIP 10.254.4.140  Free
[2026-05-15 11:39:51] [INFO] PASS  Data Service IP 10.254.4.141  Free
[2026-05-15 11:39:56] [INFO] PASS  AHV  DEHUSNTXAHV01 10.254.4.150  Free
[2026-05-15 11:40:01] [INFO] PASS  CVM  DEHUSNTXAHV01 10.254.4.151  Free
[2026-05-15 11:40:06] [INFO] PASS  AHV  DEHUSNTXAHV02 10.254.4.152  Free
[2026-05-15 11:40:11] [INFO] PASS  CVM  DEHUSNTXAHV02 10.254.4.153  Free
[2026-05-15 11:40:12] [INFO] PASS  AOS Package URL  5748.8 MB
[2026-05-15 11:40:12] [INFO] PASS  Hypervisor ISO URL  845 MB
[2026-05-15 11:40:12] [INFO] PASS  Phoenix ISO URL  797.4 MB
[2026-05-15 11:40:12] [INFO] PASS  CyberArk StartAuthentication  Session started (core-service-securevault-monitoring@vestas.com.65)
[2026-05-15 11:40:13] [INFO] PASS  CyberArk password challenge  
[2026-05-15 11:40:13] [INFO] PASS  CyberArk security answer  Full authentication successful — token obtained
[2026-05-15 11:40:13] [INFO] PASS  Witness EMEA-Witness01 ping  10.0.66.2 reachable
[2026-05-15 11:40:15] [INFO] PASS  Witness EMEA-Witness01 SSH  SSH authenticated (admin@10.0.66.2)
[2026-05-15 11:40:15] [INFO] Pre-flight summary: Pass=23 Warn=0 Fail=0
[2026-05-15 11:40:15] [INFO] Nutanix ZTI Pipeline  ·  DEHUSNTXCLU01
[2026-05-15 11:40:15] [INFO] SKIPPED: Phoenix Boot — Mount ISO & Reboot
[2026-05-15 11:40:15] [INFO] SKIPPED: Phoenix Boot Check — Wait for Phoenix OS
[2026-05-15 11:40:15] [INFO] STEP 3/16 : Node Discovery Check — Foundation Central
═══════════════════════════════════════════════════════════════
  Node Discovery Check — Foundation Central
═══════════════════════════════════════════════════════════════
  Cluster       : DEHUSNTXCLU01
  Config        : E:\SOAAA\ZTIPS\Nutanix-ZTI\Configs\DEHUSNTXCLU01.json
  FC URL        : https://10.0.66.25:9440
  Expected Nodes: 2
  Timeout       : 60 min  (poll every 60 s)
═══════════════════════════════════════════════════════════════
  NOTE: Waits until each node is AVAILABLE for imaging (not just visible in FC).
        Nodes in STATE_DISCOVERING are still initialising — imaging cannot start yet.
  Expected nodes:
    • DEHUSNTXAHV01         Serial: CZUD3P01P1  iLO: 10.254.4.50
    • DEHUSNTXAHV02         Serial: CZUD3P01P2  iLO: 10.254.4.51
[11:40:16]  Poll #1 — elapsed: 0m 00s, remaining: 60m 00s
  [FC] Connected via: POST https://10.0.66.25:9440/api/fc/v1/imaged_nodes/list
  ✓ DEHUSNTXAHV01         Serial: CZUD3P01P1  State: STATE_AVAILABLE
  ✓ DEHUSNTXAHV02         Serial: CZUD3P01P2  State: STATE_AVAILABLE
  → 2/2 nodes available for imaging
═══════════════════════════════════════════════════════════════
  ✅ All 2 node(s) available for imaging in Foundation Central!
═══════════════════════════════════════════════════════════════
  Ejecting mounted ISO from all nodes via iLO...
  [DEHUSNTXAHV01] [OK] iLO session created
  [DEHUSNTXAHV01] ✅ No ISO mounted (nothing to eject).
  [DEHUSNTXAHV02] [OK] iLO session created
  [DEHUSNTXAHV02] ✅ No ISO mounted (nothing to eject).
  ISO Eject Summary:
    • DEHUSNTXAHV01              Already empty
    • DEHUSNTXAHV02              Already empty
═══════════════════════════════════════════════════════════════
[2026-05-15 11:40:17] [SUCCESS]   ✓ SUCCEEDED  (elapsed 2s)
[2026-05-15 11:40:17] [INFO] Delay started: 30s — settling time before next step
[2026-05-15 11:40:37] [INFO] Delay: 10s remaining
[2026-05-15 11:40:47] [INFO] Delay of 30s completed
[2026-05-15 11:40:47] [INFO] STEP 4/16 : Image & Deploy Cluster (Foundation Central)
═══════════════════════════════════════════════════════════════
       Nutanix Zero Touch Installation - Cluster Deployment
═══════════════════════════════════════════════════════════════
[PHASE 1] Loading and validating configuration...
  ℹ Output level set to: minimal
  ✓ Configuration file is valid
  ⚠ IPMI credentials not specified - will use defaults (ADMIN/ADMIN)

───────────────────────────────────────────────────────────────
  Image & Deploy Phase — DEHUSNTXCLU01
  Phase started: 2026-05-15 11:40:51
───────────────────────────────────────────────────────────────
[2026-05-15 11:40:51] [INFO] Deployment started for cluster: DEHUSNTXCLU01
[2026-05-15 11:40:52] [INFO] IP addresses resolved from gateway 10.254.4.129 /26
[PHASE 2] Connecting to Foundation Central...
[2026-05-15 11:40:52] [INFO] Connecting to Foundation Central at https://10.0.66.25:9440
[2026-05-15 11:40:52] [INFO] Auto-discovering Foundation Central API endpoint...
[2026-05-15 11:40:52] [DEBUG] Testing: https://10.0.66.25:9440/api/fc/v1/imaged_nodes/list (GET)
[2026-05-15 11:40:52] [DEBUG] Failed: FC v1 API - imaged nodes list - Response status code does not indicate success: 422 (UNPROCESSABLE ENTITY).
[2026-05-15 11:40:52] [DEBUG] Testing: https://10.0.66.25:9440/api/fc/v1/imaged_nodes/list (POST)
[2026-05-15 11:40:52] [SUCCESS] SUCCESS: FC v1 API - imaged nodes list (POST)
[2026-05-15 11:40:52] [SUCCESS] Found working endpoint: /api/fc/v1/imaged_nodes/list
[2026-05-15 11:40:52] [INFO] Using HTTP method: POST
[2026-05-15 11:40:52] [INFO] Base API path: /api/fc/v1
[2026-05-15 11:40:52] [INFO] Testing imaging endpoints...
[2026-05-15 11:40:52] [DEBUG] Testing imaging: https://10.0.66.25:9440/api/fc/v1/imaged_clusters
[2026-05-15 11:40:52] [SUCCESS] SUCCESS: FC v1 API - imaged clusters endpoint exists (validation error is expected)
[2026-05-15 11:40:52] [SUCCESS] Foundation Central connection successful
  ✓ Connected to Foundation Central
[PHASE 3] Discovering nodes...
[2026-05-15 11:40:52] [INFO] Discovering available nodes in Foundation Central
[2026-05-15 11:40:52] [INFO] Using detected endpoint from connection: POST /api/fc/v1/imaged_nodes/list
[2026-05-15 11:40:52] [INFO] Will try 7 API endpoints for node discovery
[2026-05-15 11:40:52] [INFO] Trying API endpoint: POST https://10.0.66.25:9440/api/fc/v1/imaged_nodes/list
[2026-05-15 11:40:52] [DEBUG] Request body: {
  "length": 500,
  "kind": "imaged_node"
}
[2026-05-15 11:40:52] [DEBUG] Invoking REST method...
[2026-05-15 11:40:53] [DEBUG] Response received, type: PSCustomObject
[2026-05-15 11:40:53] [SUCCESS] Successfully connected to API endpoint: POST https://10.0.66.25:9440/api/fc/v1/imaged_nodes/list
[2026-05-15 11:40:53] [INFO] Foundation Central API response received (FC node list retrieved)
[2026-05-15 11:40:53] [INFO] Received 2 total nodes from Foundation Central
[2026-05-15 11:40:53] [DEBUG] Response has properties: imaged_nodes, metadata

=== FOUNDATION CENTRAL API RESPONSE STRUCTURE ===
Properties: imaged_nodes, metadata
Nodes Count: 2
===================================================
[2026-05-15 11:40:53] [DEBUG] First node structure: {"aos_capabilities":null,"aos_version":"","api_key_uuid":"15b9582a-45e0-4f0f-6a70-94b46b3a9e54","available":true,"block_serial":"CZUD3P01P1","created_timestamp":"2026-05-15T09:36:29Z","current_time":"2026-05-15T09:40:53Z","cvm_gateway":"","cvm_ip":"","cvm_ipv6":"fe80::3a25:f3ff:fefa:8fd8","cvm_netmask":"","cvm_up":false,"cvm_uuid":"","cvm_vlan_id":0,"foundation_version":"","hardware_attributes":{"default_workload":"vdi","enable_pciHole":true,"lcm_family":"hp_dx_proliant_gen12_intel","license_class":"software_only","maybe_1GbE_only":true,"one_node_cluster":true,"two_node_cluster":true},"hypervisor_gateway":"10.254.4.129","hypervisor_hostname":"","hypervisor_ip":"10.254.4.130","hypervisor_netmask":"255.255.255.192","hypervisor_type":"DiscoveryOS","hypervisor_version":"5.10.3","imaged_cluster_uuid":"","imaged_node_uuid":"186b76b0-6695-42e2-7a4b-d34e7a6648fe","ipmi_gateway":"10.254.4.49","ipmi_ip":"10.254.4.50","ipmi_netmask":"255.255.255.240","ipv6_interface":"eth0","last_deployment_state":"STATE_FAILED","last_deployment_uuid":"8539f7b8-6e45-4b94-67ed-461550618ecc","latest_hb_ts_list":["2026-05-15T09:39:25Z","2026-05-15T09:39:35Z","2026-05-15T09:39:46Z"],"model":"HPE DL360 10SFF NVMe G12 DX","node_position":"A","node_role":"unsupported_node","node_serial":"CZUD3P01P1","node_state":"STATE_AVAILABLE","node_type":"on-prem","object_version":513,"supported_features":["API_KEY_DELETION","AHV_ISO_URL"],"user_name":""}
[2026-05-15 11:40:53] [DEBUG] Node: CZUD3P01P1, State: STATE_AVAILABLE, Available: True
[2026-05-15 11:40:53] [INFO] Added node: CZUD3P01P1 (State: STATE_AVAILABLE, Model: HPE DL360 10SFF NVMe G12 DX)
[2026-05-15 11:40:53] [DEBUG] Node: CZUD3P01P2, State: STATE_AVAILABLE, Available: True
[2026-05-15 11:40:53] [INFO] Added node: CZUD3P01P2 (State: STATE_AVAILABLE, Model: HPE DL360 10SFF NVMe G12 DX)
[2026-05-15 11:40:53] [INFO] Found 2 available nodes
  ✓ Found 2 available nodes
  Using serial number-based node matching...
  Searching for nodes with serials: CZUD3P01P1, CZUD3P01P2
[2026-05-15 11:40:53] [INFO] Matching nodes by serial numbers: CZUD3P01P1, CZUD3P01P2
[2026-05-15 11:40:53] [SUCCESS] Node 1 matched: Serial CZUD3P01P1, Model HPE DL360 10SFF NVMe G12 DX, UUID 186b76b0-6695-42e2-7a4b-d34e7a6648fe
[2026-05-15 11:40:53] [SUCCESS] Node 2 matched: Serial CZUD3P01P2, Model HPE DL360 10SFF NVMe G12 DX, UUID 59908d88-7721-4b61-488d-de4795135726
  ✓ Node 1: Serial CZUD3P01P1, Model HPE DL360 10SFF NVMe G12 DX, UUID: 186b76b0-6695-42e2-7a4b-d34e7a6648fe
  ✓ Node 2: Serial CZUD3P01P2, Model HPE DL360 10SFF NVMe G12 DX, UUID: 59908d88-7721-4b61-488d-de4795135726
  Auto-detecting network configuration from discovered nodes...
  Analyzing node imaging state...
[2026-05-15 11:40:53] [INFO] Node imaging state analysis:
[2026-05-15 11:40:53] [INFO]   Node 1 (CZUD3P01P1): BARE_METAL - CVM: Not configured
[2026-05-15 11:40:53] [INFO]   Node 2 (CZUD3P01P2): BARE_METAL - CVM: Not configured
[2026-05-15 11:40:53] [INFO] Both nodes are BARE METAL - full imaging will be performed
  ✓ Both nodes are BARE METAL - ready for fresh imaging
[2026-05-15 11:40:53] [INFO] Imaging decision: NeedsImaging=True, Reason=Bare metal nodes require initial imaging
[PHASE 4] Running pre-deployment validation...
Foundation Central Port Validation:
  ✓ Port 9440 (Foundation Central) accessible on 10.0.66.25
  ✓ ICMP (Ping) responding to Foundation Central
    ICMP must be enabled between nodes and Foundation Central
Network Validation:
[2026-05-15 11:40:53] [INFO] Checking if Cluster VIP is available...
[2026-05-15 11:40:54] [INFO] Checking gateway connectivity...
[2026-05-15 11:40:54] [INFO] Checking DNS server 10.0.10.80...
[2026-05-15 11:40:54] [INFO] Checking DNS server 10.0.10.81...
[2026-05-15 11:40:54] [INFO] Checking DNS server 10.0.15.120...
  ✓ Cluster VIP 10.254.4.140 is available
  ✓ Gateway 10.254.4.129 is reachable
  ✓ DNS server 10.0.10.80 is reachable
  ✓ DNS server 10.0.10.81 is reachable
  ✓ DNS server 10.0.15.120 is reachable
Foundation Central Validation:
[2026-05-15 11:40:54] [INFO] Checking AOS version availability...
[2026-05-15 11:40:54] [DEBUG] Could not verify AOS packages in FC: 
{
  "code": 404,
  "message_list": [
    "path /api/fc/v1/aos_packages/list was not found"
  ]
}
[2026-05-15 11:40:54] [INFO] Checking hypervisor image availability...
[2026-05-15 11:40:54] [DEBUG] Could not verify hypervisor ISOs in FC: 
{
  "code": 404,
  "message_list": [
    "path /api/fc/v1/hypervisor_isos/list was not found"
  ]
}
  ✓ Foundation Central API is accessible and responding
  ⚠ AOS packages endpoint not available (using aos_package_url from config)
  ⚠ Hypervisor ISOs endpoint not available (FC will download as needed)
Image File Accessibility:
  ✓ DNS server 10.0.10.80 is reachable
  ✓ All critical validation checks passed!
[IP CONFIGURATION] Using node-specific IP settings...
  Node 1 CVM IP: 10.254.4.151
  Node 1 Hypervisor IP: 10.254.4.150
  Node 2 CVM IP: 10.254.4.153
  Node 2 Hypervisor IP: 10.254.4.152

═══════════════════════════════════════════════════════════════
                    DEPLOYMENT PLAN
═══════════════════════════════════════════════════════════════

Operation Mode:    Both - Bare metal deployment (image + cluster)

Cluster Configuration:
  Name:              DEHUSNTXCLU01
  Gateway:           10.254.4.129
  Prefix Length:     26
  VLAN:              18
  
Auto-Generated Network IPs:
  Cluster VIP:       10.254.4.140
  Subnet Mask:       255.255.255.192
  
Node 1:
  Hostname:          DEHUSNTXAHV01
  Serial:            CZUD3P01P1
  Model:             
  IPMI:              10.254.4.21
  CVM IP:            10.254.4.151
  Hypervisor IP:     10.254.4.150
Node 2:
  Hostname:          DEHUSNTXAHV02
  Serial:            CZUD3P01P2
  Model:             
  IPMI:              10.254.4.22
  CVM IP:            10.254.4.153
  Hypervisor IP:     10.254.4.152
Software:
  AOS Version:       7.5.1
  Hypervisor:        AHV
  Timezone:          Europe/Copenhagen
  
Services:
  DNS:               10.0.10.80, 10.0.10.81, 10.0.15.120
  NTP:               10.0.3.230, 10.0.3.250
  
Storage:
  Container:         Workload-Container

═══════════════════════════════════════════════════════════════
[PHASE 5.5] Building imaging request body...
[2026-05-15 11:40:55] [INFO] Full imaging enabled (image_now=true) - nodes will be imaged from scratch
[2026-05-15 11:40:55] [INFO] Using hypervisor ISO from URL: https://vstimageprd01.blob.core.windows.net/images/AHV-DVD-x86_64-11.0.1-144.iso
[2026-05-15 11:40:55] [INFO] Imaging request body built (node count: 0)
Imaging Request Body Validation:
  Body Type:        Hashtable
  Body Keys:        11 keys
    └─ cluster_external_ip, skip_cluster_creation, timezone, cluster_type, redundancy_factor, aos_package_url, hypervisor_iso_details, common_network_settings, cluster_name, nodes_list, hypervisor_isos
  JSON Length:      2153 characters
  Hypervisor ISO:   https://vstimageprd01.blob.core.windows.net/images/AHV-DVD-x86_64-11.0.1-144.iso
  Nodes:            2 nodes
    └─ Node 1 Serial: CZUD3P01P1
    └─ Node 2 Serial: CZUD3P01P2
  ✓ Body validation passed
═══════════════════════════════════════════════════════════════
  Log Information
═══════════════════════════════════════════════════════════════
  ℹ A detailed log file is created in the Logs folder
  ℹ The log file contains all data sent to the cluster process
  ℹ Log file location: E:\SOAAA\ZTIPS\Nutanix-ZTI\Logs\run-DEHUSNTXCLU01-20260515-113940.log
  Starting deployment of cluster: DEHUSNTXCLU01
[2026-05-15 11:40:55] [INFO] Imaging body built and validated for cluster: DEHUSNTXCLU01
[PHASE 7] Starting cluster imaging...
[2026-05-15 11:40:55] [INFO] Starting cluster imaging job...
[2026-05-15 11:40:55] [INFO] Using discovered imaging endpoint: /api/fc/v1/imaged_clusters
[2026-05-15 11:40:55] [INFO] Imaging POST endpoint: https://10.0.66.25:9440/api/fc/v1/imaged_clusters
[2026-05-15 11:40:55] [DEBUG] Imaging POST body: {
  "cluster_external_ip": "10.254.4.140",
  "skip_cluster_creation": false,
  "timezone": "Europe/Copenhagen",
  "cluster_type": "hyperconverged",
  "redundancy_factor": 2,
  "aos_package_url": "https://vstimageprd01.blob.core.windows.net/images/nutanix_installer_package-release-ganges-7.5.1.1-stable-e3ee10f42f1985c39d367d52296ed5387a594eb7-x86_64.tar.gz",
  "hypervisor_iso_details": {
    "url": "https://vstimageprd01.blob.core.windows.net/images/AHV-DVD-x86_64-11.0.1-144.iso",
    "hypervisor_type": "kvm"
  },
  "common_network_settings": {
    "cvm_ntp_servers": [
      "10.0.3.230",
      "10.0.3.250"
    ],
    "hypervisor_dns_servers": [
      "10.0.10.80",
      "10.0.10.81",
      "10.0.15.120"
    ],
    "cvm_dns_servers": [
      "10.0.10.80",
      "10.0.10.81",
      "10.0.15.120"
    ],
    "hypervisor_ntp_servers": [
      "10.0.3.230",
      "10.0.3.250"
    ]
  },
  "cluster_name": "DEHUSNTXCLU01",
  "nodes_list": [
    {
      "hypervisor_type": "kvm",
      "image_now": true,
      "hypervisor_ip": "10.254.4.150",
      "hypervisor_hostname": "DEHUSNTXAHV01",
      "hypervisor_netmask": "255.255.255.192",
      "cvm_netmask": "255.255.255.192",
      "hypervisor_gateway": "10.254.4.129",
      "cvm_ip": "10.254.4.151",
      "imaged_node_uuid": "186b76b0-6695-42e2-7a4b-d34e7a6648fe",
      "node_position": "A",
      "cvm_gateway": "10.254.4.129",
      "node_serial": "CZUD3P01P1"
    },
    {
      "hypervisor_type": "kvm",
      "image_now": true,
      "hypervisor_ip": "10.254.4.152",
      "hypervisor_hostname": "DEHUSNTXAHV02",
      "hypervisor_netmask": "255.255.255.192",
      "cvm_netmask": "255.255.255.192",
      "hypervisor_gateway": "10.254.4.129",
      "cvm_ip": "10.254.4.153",
      "imaged_node_uuid": "59908d88-7721-4b61-488d-de4795135726",
      "node_position": "B",
      "cvm_gateway": "10.254.4.129",
      "node_serial": "CZUD3P01P2"
    }
  ],
  "hypervisor_isos": [
    {
      "hypervisor_type": "kvm",
      "url": "https://vstimageprd01.blob.core.windows.net/images/AHV-DVD-x86_64-11.0.1-144.iso"
    }
  ]
}
[2026-05-15 11:40:55] [DEBUG] Using NTNX-Request-Id: f0973d96-e26b-445c-9a68-565e07a8db75
[2026-05-15 11:40:55] [DEBUG] Full imaging response received: {"imaged_cluster_uuid":"84c38db9-04ab-4b58-583f-f9ac02b6223d"}
[2026-05-15 11:40:55] [SUCCESS] Imaging job created: 84c38db9-04ab-4b58-583f-f9ac02b6223d
  ✓ Imaging job created: 84c38db9-04ab-4b58-583f-f9ac02b6223d
[PHASE 8] Waiting for imaging completion...
(This typically takes 30-50 minutes)
[2026-05-15 11:40:55] [INFO] Waiting for imaging completion (timeout: 120 minutes)...
[2026-05-15 11:40:55] [DEBUG] FC progress tracking active for cluster UUID 84c38db9-04ab-4b58-583f-f9ac02b6223d
[----------------------------------------]   0% - Queued (0 min)
[2026-05-15 11:40:55] [INFO] [----------------------------------------]   0% - Queued (0 min)
[----------------------------------------]   0% - Queued (1 min)
[2026-05-15 11:41:26] [INFO] [----------------------------------------]   0% - Queued (1 min)
[----------------------------------------]   0% - Queued (1 min)
[2026-05-15 11:41:56] [INFO] [----------------------------------------]   0% - Queued (1 min)
[----------------------------------------]   0% - Queued (2 min)
[2026-05-15 11:42:26] [INFO] [----------------------------------------]   0% - Queued (2 min)
[----------------------------------------]   0% - Queued (2 min)
[2026-05-15 11:42:56] [INFO] [----------------------------------------]   0% - Queued (2 min)
[----------------------------------------]   0% - Queued (3 min)
[2026-05-15 11:43:26] [INFO] [----------------------------------------]   0% - Queued (3 min)
[----------------------------------------]   0% - Queued (3 min)
[2026-05-15 11:43:57] [INFO] [----------------------------------------]   0% - Queued (3 min)
[----------------------------------------]   0% - Queued (4 min)
[2026-05-15 11:44:27] [INFO] [----------------------------------------]   0% - Queued (4 min)
[----------------------------------------]   0% - Queued (4 min)
[2026-05-15 11:44:57] [INFO] [----------------------------------------]   0% - Queued (4 min)
[----------------------------------------]   0% - Queued (5 min)
[2026-05-15 11:45:27] [INFO] [----------------------------------------]   0% - Queued (5 min)
[----------------------------------------]   0% - Queued (5 min)
[2026-05-15 11:45:57] [INFO] [----------------------------------------]   0% - Queued (5 min)
[----------------------------------------]   0% - Queued (6 min)
[2026-05-15 11:46:28] [INFO] [----------------------------------------]   0% - Queued (6 min)
[----------------------------------------]   0% - Queued (6 min)
[2026-05-15 11:46:58] [INFO] [----------------------------------------]   0% - Queued (6 min)
[----------------------------------------]   0% - Queued (7 min)
[2026-05-15 11:47:28] [INFO] [----------------------------------------]   0% - Queued (7 min)
[----------------------------------------]   0% - Queued (7 min)
[2026-05-15 11:47:58] [INFO] [----------------------------------------]   0% - Queued (7 min)
[----------------------------------------]   0% - Queued (8 min)
[2026-05-15 11:48:28] [INFO] [----------------------------------------]   0% - Queued (8 min)
[----------------------------------------]   0% - Queued (8 min)
[2026-05-15 11:48:59] [INFO] [----------------------------------------]   0% - Queued (8 min)
[----------------------------------------]   0% - Queued (9 min)
[2026-05-15 11:49:29] [INFO] [----------------------------------------]   0% - Queued (9 min)
[----------------------------------------]   0% - Queued (9 min)
[2026-05-15 11:49:59] [INFO] [----------------------------------------]   0% - Queued (9 min)
[----------------------------------------]   0% - Queued (10 min)
[2026-05-15 11:50:29] [INFO] [----------------------------------------]   0% - Queued (10 min)
[----------------------------------------]   0% - Queued (10 min)
[2026-05-15 11:50:59] [INFO] [----------------------------------------]   0% - Queued (10 min)
[----------------------------------------]   0% - Queued (11 min)  Picked up cluster creation intent | Waiting for intent to be picked up
[2026-05-15 11:51:30] [INFO] [----------------------------------------]   0% - Queued (11 min)  Picked up cluster creation intent | Waiting for intent to be picked up
[----------------------------------------] 0.8% - Queued (11 min)  Downloading AOS tarball: 12% complete (700 MB / 5748 MB)
 | Waiting for intent to be picked up
[2026-05-15 11:52:00] [INFO] [----------------------------------------] 0.8% - Queued (11 min)  Downloading AOS tarball: 12% complete (700 MB / 5748 MB)
 | Waiting for intent to be picked up
[----------------------------------------] 0.8% - Queued (12 min)  Downloading AOS tarball: 24% complete (1380 MB / 5748 MB)
 | Waiting for intent to be picked up
[2026-05-15 11:52:30] [INFO] [----------------------------------------] 0.8% - Queued (12 min)  Downloading AOS tarball: 24% complete (1380 MB / 5748 MB)
 | Waiting for intent to be picked up
[----------------------------------------] 0.8% - Queued (12 min)  Downloading AOS tarball: 35% complete (2043 MB / 5748 MB)
 | Waiting for intent to be picked up
[2026-05-15 11:53:00] [INFO] [----------------------------------------] 0.8% - Queued (12 min)  Downloading AOS tarball: 35% complete (2043 MB / 5748 MB)
 | Waiting for intent to be picked up
[----------------------------------------] 0.8% - Queued (13 min)  Downloading AOS tarball: 47% complete (2725 MB / 5748 MB)
 | Waiting for intent to be picked up
[2026-05-15 11:53:30] [INFO] [----------------------------------------] 0.8% - Queued (13 min)  Downloading AOS tarball: 47% complete (2725 MB / 5748 MB)
 | Waiting for intent to be picked up
[----------------------------------------] 0.8% - Queued (13 min)  Downloading AOS tarball: 53% complete (3080 MB / 5748 MB)
 | Waiting for intent to be picked up
[2026-05-15 11:54:01] [INFO] [----------------------------------------] 0.8% - Queued (13 min)  Downloading AOS tarball: 53% complete (3080 MB / 5748 MB)
 | Waiting for intent to be picked up
[----------------------------------------] 0.8% - Queued (14 min)  Downloading AOS tarball: 65% complete (3792 MB / 5748 MB)
 | Waiting for intent to be picked up
[2026-05-15 11:54:31] [INFO] [----------------------------------------] 0.8% - Queued (14 min)  Downloading AOS tarball: 65% complete (3792 MB / 5748 MB)
 | Waiting for intent to be picked up
[----------------------------------------] 0.8% - Queued (14 min)  Downloading AOS tarball: 77% complete (4476 MB / 5748 MB)
 | Waiting for intent to be picked up
[2026-05-15 11:55:01] [INFO] [----------------------------------------] 0.8% - Queued (14 min)  Downloading AOS tarball: 77% complete (4476 MB / 5748 MB)
 | Waiting for intent to be picked up
[#---------------------------------------] 1.6% - Imaging (15 min)  Downloading AOS tarball: 89% complete (5146 MB / 5748 MB)
 | Downloading AOS tarball: 3% complete (182 MB / 5748 MB)
[2026-05-15 11:55:31] [INFO] [#---------------------------------------] 1.6% - Imaging (15 min)  Downloading AOS tarball: 89% complete (5146 MB / 5748 MB)
 | Downloading AOS tarball: 3% complete (182 MB / 5748 MB)

[#---------------------------------------] 1.6% - Imaging (15 min)  Downloading AOS tarball: 97% complete (5619 MB / 5748 MB)
 | Downloading AOS tarball: 9% complete (536 MB / 5748 MB)
[2026-05-15 11:56:01] [INFO] [#---------------------------------------] 1.6% - Imaging (15 min)  Downloading AOS tarball: 97% complete (5619 MB / 5748 MB)
 | Downloading AOS tarball: 9% complete (536 MB / 5748 MB)

[#---------------------------------------] 2.4% - Imaging (16 min)  Downloading hypervisor iso: 26% complete (224 MB / 845 MB)
 | Downloading AOS tarball: 18% complete (1079 MB / 5748 MB)
[2026-05-15 11:56:32] [INFO] [#---------------------------------------] 2.4% - Imaging (16 min)  Downloading hypervisor iso: 26% complete (224 MB / 845 MB)
 | Downloading AOS tarball: 18% complete (1079 MB / 5748 MB)

[#---------------------------------------] 2.4% - Imaging (16 min)  Downloading hypervisor iso: 79% complete (668 MB / 845 MB)
 | Downloading AOS tarball: 26% complete (1508 MB / 5748 MB)
[2026-05-15 11:57:02] [INFO] [#---------------------------------------] 2.4% - Imaging (16 min)  Downloading hypervisor iso: 79% complete (668 MB / 845 MB)
 | Downloading AOS tarball: 26% complete (1508 MB / 5748 MB)

[##--------------------------------------]   4% - Imaging (17 min)  Performing network validation | Downloading AOS tarball: 36% complete (2103 MB / 5748 MB)
[2026-05-15 11:57:32] [INFO] [##--------------------------------------]   4% - Imaging (17 min)  Performing network validation | Downloading AOS tarball: 36% complete (2103 MB / 5748 MB)

[#####-----------------------------------]  12% - Imaging (17 min)  Running CVM Installer | Downloading AOS tarball: 48% complete (2812 MB / 5748 MB)
[2026-05-15 11:58:02] [INFO] [#####-----------------------------------]  12% - Imaging (17 min)  Running CVM Installer | Downloading AOS tarball: 48% complete (2812 MB / 5748 MB)

[#####-----------------------------------]  12% - Imaging (18 min)  Running CVM Installer | Downloading AOS tarball: 60% complete (3498 MB / 5748 MB)
[2026-05-15 11:58:32] [INFO] [#####-----------------------------------]  12% - Imaging (18 min)  Running CVM Installer | Downloading AOS tarball: 60% complete (3498 MB / 5748 MB)

[#####-----------------------------------]  12% - Imaging (18 min)  Running CVM Installer | Downloading AOS tarball: 73% complete (4201 MB / 5748 MB)
[2026-05-15 11:59:03] [INFO] [#####-----------------------------------]  12% - Imaging (18 min)  Running CVM Installer | Downloading AOS tarball: 73% complete (4201 MB / 5748 MB)

[#####-----------------------------------]  12% - Imaging (19 min)  Running CVM Installer | Downloading AOS tarball: 85% complete (4889 MB / 5748 MB)
[2026-05-15 11:59:33] [INFO] [#####-----------------------------------]  12% - Imaging (19 min)  Running CVM Installer | Downloading AOS tarball: 85% complete (4889 MB / 5748 MB)

[#####-----------------------------------]  12% - Imaging (19 min)  Running CVM Installer | Downloading AOS tarball: 97% complete (5598 MB / 5748 MB)
[2026-05-15 12:00:03] [INFO] [#####-----------------------------------]  12% - Imaging (19 min)  Running CVM Installer | Downloading AOS tarball: 97% complete (5598 MB / 5748 MB)

[#####-----------------------------------]  12% - Imaging (20 min)  Running CVM Installer | Downloading AOS tarball: 97% complete (5598 MB / 5748 MB)
[2026-05-15 12:00:33] [INFO] [#####-----------------------------------]  12% - Imaging (20 min)  Running CVM Installer | Downloading AOS tarball: 97% complete (5598 MB / 5748 MB)

[######----------------------------------] 14.400001% - Imaging (20 min)  Running CVM Installer | Performing network validation
[2026-05-15 12:01:04] [INFO] [######----------------------------------] 14.400001% - Imaging (20 min)  Running CVM Installer | Performing network validation
[#####-----------------------------------] 12.8% - Imaging (21 min)  Running CVM Installer | Completed file transfer
[2026-05-15 12:01:34] [INFO] [#####-----------------------------------] 12.8% - Imaging (21 min)  Running CVM Installer | Completed file transfer
[##############--------------------------] 35.2% - Imaging (21 min)  Running firmware detection | Running CVM Installer
[2026-05-15 12:02:04] [INFO] [##############--------------------------] 35.2% - Imaging (21 min)  Running firmware detection | Running CVM Installer
[##############--------------------------] 35.2% - Imaging (22 min)  Running firmware detection | Running CVM Installer
[2026-05-15 12:02:34] [INFO] [##############--------------------------] 35.2% - Imaging (22 min)  Running firmware detection | Running CVM Installer
[##############--------------------------] 35.2% - Imaging (22 min)  Running firmware detection | Running CVM Installer
[2026-05-15 12:03:04] [INFO] [##############--------------------------] 35.2% - Imaging (22 min)  Running firmware detection | Running CVM Installer
[##############--------------------------] 35.2% - Imaging (23 min)  Running firmware detection | Running CVM Installer
[2026-05-15 12:03:35] [INFO] [##############--------------------------] 35.2% - Imaging (23 min)  Running firmware detection | Running CVM Installer
[##############--------------------------] 35.2% - Imaging (23 min)  Running firmware detection | Running CVM Installer
[2026-05-15 12:04:05] [INFO] [##############--------------------------] 35.2% - Imaging (23 min)  Running firmware detection | Running CVM Installer
[##############--------------------------] 35.2% - Imaging (24 min)  Running firmware detection | Running CVM Installer
[2026-05-15 12:04:35] [INFO] [##############--------------------------] 35.2% - Imaging (24 min)  Running firmware detection | Running CVM Installer
[##############--------------------------] 35.2% - Imaging (24 min)  Running firmware detection | Running CVM Installer
[2026-05-15 12:05:05] [INFO] [##############--------------------------] 35.2% - Imaging (24 min)  Running firmware detection | Running CVM Installer
[###################---------------------]  48% - Imaging (25 min)  Running firmware detection
[2026-05-15 12:05:35] [INFO] [###################---------------------]  48% - Imaging (25 min)  Running firmware detection
[########################----------------]  60% - Imaging (25 min)  Rebooting node. This may take several minutes | Running firmware detection
[2026-05-15 12:06:06] [INFO] [########################----------------]  60% - Imaging (25 min)  Rebooting node. This may take several minutes | Running firmware detection
[########################----------------]  60% - Imaging (26 min)  Rebooting node. This may take several minutes | Running firmware detection
[2026-05-15 12:06:36] [INFO] [########################----------------]  60% - Imaging (26 min)  Rebooting node. This may take several minutes | Running firmware detection
[########################----------------]  60% - Imaging (26 min)  Rebooting node. This may take several minutes | Running firmware detection
[2026-05-15 12:07:06] [INFO] [########################----------------]  60% - Imaging (26 min)  Rebooting node. This may take several minutes | Running firmware detection
[########################----------------]  60% - Imaging (27 min)  Rebooting node. This may take several minutes | Running firmware detection
[2026-05-15 12:07:36] [INFO] [########################----------------]  60% - Imaging (27 min)  Rebooting node. This may take several minutes | Running firmware detection
[########################----------------]  60% - Imaging (27 min)  Rebooting node. This may take several minutes | Running firmware detection
[2026-05-15 12:08:06] [INFO] [########################----------------]  60% - Imaging (27 min)  Rebooting node. This may take several minutes | Running firmware detection
[########################----------------]  60% - Imaging (28 min)  Rebooting node. This may take several minutes | Running firmware detection
[2026-05-15 12:08:37] [INFO] [########################----------------]  60% - Imaging (28 min)  Rebooting node. This may take several minutes | Running firmware detection
[########################----------------]  60% - Imaging (28 min)  Rebooting node. This may take several minutes | Running firmware detection
[2026-05-15 12:09:07] [INFO] [########################----------------]  60% - Imaging (28 min)  Rebooting node. This may take several minutes | Running firmware detection
[########################----------------]  60% - Imaging (29 min)  Rebooting node. This may take several minutes | Running firmware detection
[2026-05-15 12:09:37] [INFO] [########################----------------]  60% - Imaging (29 min)  Rebooting node. This may take several minutes | Running firmware detection
[#############################-----------]  72% - Imaging (29 min)  Rebooting node. This may take several minutes
[2026-05-15 12:10:07] [INFO] [#############################-----------]  72% - Imaging (29 min)  Rebooting node. This may take several minutes
[#############################-----------] 72.4% - Imaging (30 min)  Running firstboot scripts | Rebooting node. This may take several minutes
[2026-05-15 12:10:37] [INFO] [#############################-----------] 72.4% - Imaging (30 min)  Running firstboot scripts | Rebooting node. This may take several minutes
[##############################----------] 74.8% - Imaging (30 min)  Last reboot complete | Rebooting node. This may take several minutes
[2026-05-15 12:11:07] [INFO] [##############################----------] 74.8% - Imaging (30 min)  Last reboot complete | Rebooting node. This may take several minutes
[##############################----------] 74.8% - Imaging (31 min)  Last reboot complete | Rebooting node. This may take several minutes
[2026-05-15 12:11:38] [INFO] [##############################----------] 74.8% - Imaging (31 min)  Last reboot complete | Rebooting node. This may take several minutes
[##############################----------] 74.8% - Imaging (31 min)  Last reboot complete | Rebooting node. This may take several minutes
[2026-05-15 12:12:08] [INFO] [##############################----------] 74.8% - Imaging (31 min)  Last reboot complete | Rebooting node. This may take several minutes
[##############################----------] 74.8% - Imaging (32 min)  Last reboot complete | Rebooting node. This may take several minutes
[2026-05-15 12:12:38] [INFO] [##############################----------] 74.8% - Imaging (32 min)  Last reboot complete | Rebooting node. This may take several minutes
[##############################----------] 74.8% - Imaging (32 min)  Last reboot complete | Rebooting node. This may take several minutes
[2026-05-15 12:13:08] [INFO] [##############################----------] 74.8% - Imaging (32 min)  Last reboot complete | Rebooting node. This may take several minutes
[##############################----------] 74.8% - Imaging (33 min)  Last reboot complete | Rebooting node. This may take several minutes
[2026-05-15 12:13:38] [INFO] [##############################----------] 74.8% - Imaging (33 min)  Last reboot complete | Rebooting node. This may take several minutes
[##############################----------] 74.8% - Imaging (33 min)  Last reboot complete | Rebooting node. This may take several minutes
[2026-05-15 12:14:09] [INFO] [##############################----------] 74.8% - Imaging (33 min)  Last reboot complete | Rebooting node. This may take several minutes
[###############################---------] 77.6% - Imaging (34 min)  Last reboot complete
[2026-05-15 12:14:39] [INFO] [###############################---------] 77.6% - Imaging (34 min)  Last reboot complete
[###############################---------] 77.6% - Imaging (34 min)  Last reboot complete
[2026-05-15 12:15:09] [INFO] [###############################---------] 77.6% - Imaging (34 min)  Last reboot complete
[###############################---------] 77.6% - Imaging (35 min)  Last reboot complete
[2026-05-15 12:15:39] [INFO] [###############################---------] 77.6% - Imaging (35 min)  Last reboot complete
[###############################---------] 77.6% - Imaging (35 min)  Last reboot complete
[2026-05-15 12:16:09] [INFO] [###############################---------] 77.6% - Imaging (35 min)  Last reboot complete
[###############################---------] 77.6% - Imaging (36 min)  Last reboot complete
[2026-05-15 12:16:40] [INFO] [###############################---------] 77.6% - Imaging (36 min)  Last reboot complete
[###############################---------] 77.6% - Imaging (36 min)  Last reboot complete
[2026-05-15 12:17:10] [INFO] [###############################---------] 77.6% - Imaging (36 min)  Last reboot complete
[###############################---------] 77.6% - Imaging (37 min)  Last reboot complete
[2026-05-15 12:17:40] [INFO] [###############################---------] 77.6% - Imaging (37 min)  Last reboot complete
[###############################---------] 77.6% - Imaging (37 min)  Last reboot complete
[2026-05-15 12:18:10] [INFO] [###############################---------] 77.6% - Imaging (37 min)  Last reboot complete
[###############################---------] 77.6% - Imaging (38 min)  Last reboot complete
[2026-05-15 12:18:40] [INFO] [###############################---------] 77.6% - Imaging (38 min)  Last reboot complete
[###############################---------] 77.6% - Imaging (38 min)  Last reboot complete
[2026-05-15 12:19:11] [INFO] [###############################---------] 77.6% - Imaging (38 min)  Last reboot complete
[###############################---------] 77.6% - Imaging (39 min)  Last reboot complete
[2026-05-15 12:19:41] [INFO] [###############################---------] 77.6% - Imaging (39 min)  Last reboot complete
[################################--------] 78.8% - Imaging (39 min)  CVM booted up successfully | Last reboot complete
[2026-05-15 12:20:11] [INFO] [################################--------] 78.8% - Imaging (39 min)  CVM booted up successfully | Last reboot complete
[################################--------] 78.8% - Imaging (40 min)  CVM booted up successfully | Last reboot complete
[2026-05-15 12:20:41] [INFO] [################################--------] 78.8% - Imaging (40 min)  CVM booted up successfully | Last reboot complete
[################################--------] 78.8% - Imaging (40 min)  CVM booted up successfully | Last reboot complete
[2026-05-15 12:21:11] [INFO] [################################--------] 78.8% - Imaging (40 min)  CVM booted up successfully | Last reboot complete
[################################--------] 78.8% - Imaging (41 min)  CVM booted up successfully | Last reboot complete
[2026-05-15 12:21:42] [INFO] [################################--------] 78.8% - Imaging (41 min)  CVM booted up successfully | Last reboot complete
[################################--------] 78.8% - Imaging (41 min)  CVM booted up successfully | Last reboot complete
[2026-05-15 12:22:12] [INFO] [################################--------] 78.8% - Imaging (41 min)  CVM booted up successfully | Last reboot complete
[################################--------] 78.8% - Imaging (42 min)  CVM booted up successfully | Last reboot complete
[2026-05-15 12:22:42] [INFO] [################################--------] 78.8% - Imaging (42 min)  CVM booted up successfully | Last reboot complete
[################################--------] 78.8% - Imaging (42 min)  CVM booted up successfully | Last reboot complete
[2026-05-15 12:23:12] [INFO] [################################--------] 78.8% - Imaging (42 min)  CVM booted up successfully | Last reboot complete
[################################--------] 78.8% - Imaging (43 min)  CVM booted up successfully | Last reboot complete
[2026-05-15 12:23:42] [INFO] [################################--------] 78.8% - Imaging (43 min)  CVM booted up successfully | Last reboot complete
[################################--------]  80% - Imaging (43 min)  CVM booted up successfully
[2026-05-15 12:24:13] [INFO] [################################--------]  80% - Imaging (43 min)  CVM booted up successfully
[################################--------]  80% - ClusterFormation (44 min)  CVM booted up successfully
[2026-05-15 12:24:43] [INFO] [################################--------]  80% - ClusterFormation (44 min)  CVM booted up successfully
[################################--------]  80% - ClusterFormation (44 min)  CVM booted up successfully
[2026-05-15 12:25:13] [INFO] [################################--------]  80% - ClusterFormation (44 min)  CVM booted up successfully
[################################--------]  80% - ClusterFormation (45 min)  CVM booted up successfully
[2026-05-15 12:25:43] [INFO] [################################--------]  80% - ClusterFormation (45 min)  CVM booted up successfully
[################################--------]  80% - ClusterFormation (45 min)  CVM booted up successfully
[2026-05-15 12:26:13] [INFO] [################################--------]  80% - ClusterFormation (45 min)  CVM booted up successfully
[#################################-------] 82.858% - ClusterFormation (46 min)  CVM booted up successfully
[2026-05-15 12:26:44] [INFO] [#################################-------] 82.858% - ClusterFormation (46 min)  CVM booted up successfully
[#################################-------] 82.858% - ClusterFormation (46 min)  CVM booted up successfully
[2026-05-15 12:27:14] [INFO] [#################################-------] 82.858% - ClusterFormation (46 min)  CVM booted up successfully
[#################################-------] 82.858% - ClusterFormation (47 min)  CVM booted up successfully
[2026-05-15 12:27:44] [INFO] [#################################-------] 82.858% - ClusterFormation (47 min)  CVM booted up successfully
[#################################-------] 82.858% - ClusterFormation (47 min)  CVM booted up successfully
[2026-05-15 12:28:14] [INFO] [#################################-------] 82.858% - ClusterFormation (47 min)  CVM booted up successfully
[#################################-------] 82.858% - ClusterFormation (48 min)  CVM booted up successfully
[2026-05-15 12:28:44] [INFO] [#################################-------] 82.858% - ClusterFormation (48 min)  CVM booted up successfully
[#################################-------] 82.858% - ClusterFormation (48 min)  CVM booted up successfully
[2026-05-15 12:29:15] [INFO] [#################################-------] 82.858% - ClusterFormation (48 min)  CVM booted up successfully
[#################################-------] 82.858% - ClusterFormation (49 min)  CVM booted up successfully
[2026-05-15 12:29:45] [INFO] [#################################-------] 82.858% - ClusterFormation (49 min)  CVM booted up successfully
[#################################-------] 82.858% - ClusterFormation (49 min)  CVM booted up successfully
[2026-05-15 12:30:15] [INFO] [#################################-------] 82.858% - ClusterFormation (49 min)  CVM booted up successfully
[#################################-------] 82.858% - ClusterFormation (50 min)  CVM booted up successfully
[2026-05-15 12:30:45] [INFO] [#################################-------] 82.858% - ClusterFormation (50 min)  CVM booted up successfully
[#################################-------] 82.858% - ClusterFormation (50 min)  CVM booted up successfully
[2026-05-15 12:31:15] [INFO] [#################################-------] 82.858% - ClusterFormation (50 min)  CVM booted up successfully
[#################################-------] 82.858% - ClusterFormation (51 min)  CVM booted up successfully
[2026-05-15 12:31:46] [INFO] [#################################-------] 82.858% - ClusterFormation (51 min)  CVM booted up successfully
[#################################-------] 82.858% - ClusterFormation (51 min)  CVM booted up successfully
[2026-05-15 12:32:16] [INFO] [#################################-------] 82.858% - ClusterFormation (51 min)  CVM booted up successfully
[#################################-------] 82.858% - ClusterFormation (52 min)  CVM booted up successfully
[2026-05-15 12:32:46] [INFO] [#################################-------] 82.858% - ClusterFormation (52 min)  CVM booted up successfully
[#################################-------] 82.858% - ClusterFormation (52 min)  CVM booted up successfully
[2026-05-15 12:33:16] [INFO] [#################################-------] 82.858% - ClusterFormation (52 min)  CVM booted up successfully
[#################################-------] 82.858% - ClusterFormation (53 min)  CVM booted up successfully
[2026-05-15 12:33:46] [INFO] [#################################-------] 82.858% - ClusterFormation (53 min)  CVM booted up successfully
[#################################-------] 82.858% - ClusterFormation (53 min)  CVM booted up successfully
[2026-05-15 12:34:17] [INFO] [#################################-------] 82.858% - ClusterFormation (53 min)  CVM booted up successfully
[#################################-------] 82.858% - ClusterFormation (54 min)  CVM booted up successfully
[2026-05-15 12:34:47] [INFO] [#################################-------] 82.858% - ClusterFormation (54 min)  CVM booted up successfully
[#################################-------] 82.858% - ClusterFormation (54 min)  CVM booted up successfully
[2026-05-15 12:35:17] [INFO] [#################################-------] 82.858% - ClusterFormation (54 min)  CVM booted up successfully
[#################################-------] 82.858% - ClusterFormation (55 min)  CVM booted up successfully
[2026-05-15 12:35:47] [INFO] [#################################-------] 82.858% - ClusterFormation (55 min)  CVM booted up successfully
[#################################-------] 82.858% - ClusterFormation (55 min)  CVM booted up successfully
[2026-05-15 12:36:17] [INFO] [#################################-------] 82.858% - ClusterFormation (55 min)  CVM booted up successfully
[#################################-------] 82.858% - ClusterFormation (56 min)  CVM booted up successfully
[2026-05-15 12:36:48] [INFO] [#################################-------] 82.858% - ClusterFormation (56 min)  CVM booted up successfully
[#################################-------] 82.858% - ClusterFormation (56 min)  CVM booted up successfully
[2026-05-15 12:37:18] [INFO] [#################################-------] 82.858% - ClusterFormation (56 min)  CVM booted up successfully
[#################################-------] 82.858% - ClusterFormation (57 min)  CVM booted up successfully
[2026-05-15 12:37:48] [INFO] [#################################-------] 82.858% - ClusterFormation (57 min)  CVM booted up successfully
[#################################-------] 82.858% - ClusterFormation (57 min)  CVM booted up successfully
[2026-05-15 12:38:18] [INFO] [#################################-------] 82.858% - ClusterFormation (57 min)  CVM booted up successfully
[#################################-------] 82.858% - ClusterFormation (58 min)  CVM booted up successfully
[2026-05-15 12:38:48] [INFO] [#################################-------] 82.858% - ClusterFormation (58 min)  CVM booted up successfully
[#################################-------] 82.858% - ClusterFormation (58 min)  CVM booted up successfully
[2026-05-15 12:39:19] [INFO] [#################################-------] 82.858% - ClusterFormation (58 min)  CVM booted up successfully
[#################################-------] 82.858% - ClusterFormation (59 min)  CVM booted up successfully
[2026-05-15 12:39:49] [INFO] [#################################-------] 82.858% - ClusterFormation (59 min)  CVM booted up successfully
[#################################-------] 82.858% - ClusterFormation (59 min)  CVM booted up successfully
[2026-05-15 12:40:19] [INFO] [#################################-------] 82.858% - ClusterFormation (59 min)  CVM booted up successfully
[#################################-------] 82.858% - ClusterFormation (60 min)  CVM booted up successfully
[2026-05-15 12:40:49] [INFO] [#################################-------] 82.858% - ClusterFormation (60 min)  CVM booted up successfully
[#################################-------] 82.858% - ClusterFormation (60 min)  CVM booted up successfully
[2026-05-15 12:41:19] [INFO] [#################################-------] 82.858% - ClusterFormation (60 min)  CVM booted up successfully
[#################################-------] 82.858% - ClusterFormation (61 min)  CVM booted up successfully
[2026-05-15 12:41:50] [INFO] [#################################-------] 82.858% - ClusterFormation (61 min)  CVM booted up successfully
[#################################-------] 82.858% - ClusterFormation (61 min)  CVM booted up successfully
[2026-05-15 12:42:20] [INFO] [#################################-------] 82.858% - ClusterFormation (61 min)  CVM booted up successfully
[#################################-------] 82.858% - ClusterFormation (62 min)  CVM booted up successfully
[2026-05-15 12:42:50] [INFO] [#################################-------] 82.858% - ClusterFormation (62 min)  CVM booted up successfully
[#################################-------] 82.858% - ClusterFormation (62 min)  CVM booted up successfully
[2026-05-15 12:43:20] [INFO] [#################################-------] 82.858% - ClusterFormation (62 min)  CVM booted up successfully
[#################################-------] 82.858% - ClusterFormation (63 min)  CVM booted up successfully
[2026-05-15 12:43:50] [INFO] [#################################-------] 82.858% - ClusterFormation (63 min)  CVM booted up successfully
[#################################-------] 82.858% - ClusterFormation (63 min)  CVM booted up successfully
[2026-05-15 12:44:20] [INFO] [#################################-------] 82.858% - ClusterFormation (63 min)  CVM booted up successfully
[#################################-------] 82.858% - ClusterFormation (64 min)  CVM booted up successfully
[2026-05-15 12:44:51] [INFO] [#################################-------] 82.858% - ClusterFormation (64 min)  CVM booted up successfully
[#################################-------] 82.858% - ClusterFormation (64 min)  CVM booted up successfully
[2026-05-15 12:45:21] [INFO] [#################################-------] 82.858% - ClusterFormation (64 min)  CVM booted up successfully
[#################################-------] 82.858% - ClusterFormation (65 min)  CVM booted up successfully
[2026-05-15 12:45:51] [INFO] [#################################-------] 82.858% - ClusterFormation (65 min)  CVM booted up successfully
[#################################-------] 82.858% - ClusterFormation (65 min)  CVM booted up successfully
[2026-05-15 12:46:21] [INFO] [#################################-------] 82.858% - ClusterFormation (65 min)  CVM booted up successfully
[#################################-------] 82.858% - ClusterFormation (66 min)  CVM booted up successfully
[2026-05-15 12:46:51] [INFO] [#################################-------] 82.858% - ClusterFormation (66 min)  CVM booted up successfully
[#################################-------] 82.858% - ClusterFormation (66 min)  CVM booted up successfully
[2026-05-15 12:47:22] [INFO] [#################################-------] 82.858% - ClusterFormation (66 min)  CVM booted up successfully
[#################################-------] 82.858% - ClusterFormation (67 min)  CVM booted up successfully
[2026-05-15 12:47:52] [INFO] [#################################-------] 82.858% - ClusterFormation (67 min)  CVM booted up successfully
[#################################-------] 82.858% - ClusterFormation (67 min)  CVM booted up successfully
[2026-05-15 12:48:22] [INFO] [#################################-------] 82.858% - ClusterFormation (67 min)  CVM booted up successfully
[#################################-------] 82.858% - ClusterFormation (68 min)  CVM booted up successfully
[2026-05-15 12:48:52] [INFO] [#################################-------] 82.858% - ClusterFormation (68 min)  CVM booted up successfully
[#################################-------] 82.858% - ClusterFormation (68 min)  CVM booted up successfully
[2026-05-15 12:49:22] [INFO] [#################################-------] 82.858% - ClusterFormation (68 min)  CVM booted up successfully
[#################################-------] 82.858% - ClusterFormation (69 min)  CVM booted up successfully
[2026-05-15 12:49:53] [INFO] [#################################-------] 82.858% - ClusterFormation (69 min)  CVM booted up successfully
[#################################-------] 82.858% - ClusterFormation (69 min)  CVM booted up successfully
[2026-05-15 12:50:23] [INFO] [#################################-------] 82.858% - ClusterFormation (69 min)  CVM booted up successfully
[#################################-------] 82.858% - ClusterFormation (70 min)  CVM booted up successfully
[2026-05-15 12:50:53] [INFO] [#################################-------] 82.858% - ClusterFormation (70 min)  CVM booted up successfully
[#################################-------] 82.858% - ClusterFormation (70 min)  CVM booted up successfully
[2026-05-15 12:51:23] [INFO] [#################################-------] 82.858% - ClusterFormation (70 min)  CVM booted up successfully
[#################################-------] 82.858% - ClusterFormation (71 min)  CVM booted up successfully
[2026-05-15 12:51:53] [INFO] [#################################-------] 82.858% - ClusterFormation (71 min)  CVM booted up successfully
[#################################-------] 82.858% - ClusterFormation (71 min)  CVM booted up successfully
[2026-05-15 12:52:24] [INFO] [#################################-------] 82.858% - ClusterFormation (71 min)  CVM booted up successfully
[#################################-------] 82.858% - ClusterFormation (72 min)  CVM booted up successfully
[2026-05-15 12:52:54] [INFO] [#################################-------] 82.858% - ClusterFormation (72 min)  CVM booted up successfully
[#################################-------] 82.858% - ClusterFormation (72 min)  CVM booted up successfully
[2026-05-15 12:53:24] [INFO] [#################################-------] 82.858% - ClusterFormation (72 min)  CVM booted up successfully
[#################################-------] 82.858% - ClusterFormation (73 min)  CVM booted up successfully
[2026-05-15 12:53:54] [INFO] [#################################-------] 82.858% - ClusterFormation (73 min)  CVM booted up successfully
[#################################-------] 82.858% - ClusterFormation (73 min)  CVM booted up successfully
[2026-05-15 12:54:24] [INFO] [#################################-------] 82.858% - ClusterFormation (73 min)  CVM booted up successfully
[#################################-------] 82.858% - ClusterFormation (74 min)  CVM booted up successfully
[2026-05-15 12:54:55] [INFO] [#################################-------] 82.858% - ClusterFormation (74 min)  CVM booted up successfully
[#################################-------] 82.858% - ClusterFormation (74 min)  CVM booted up successfully
[2026-05-15 12:55:25] [INFO] [#################################-------] 82.858% - ClusterFormation (74 min)  CVM booted up successfully
[#################################-------] 82.858% - ClusterFormation (75 min)  CVM booted up successfully
[2026-05-15 12:55:55] [INFO] [#################################-------] 82.858% - ClusterFormation (75 min)  CVM booted up successfully
[#################################-------] 82.858% - ClusterFormation (75 min)  CVM booted up successfully
[2026-05-15 12:56:25] [INFO] [#################################-------] 82.858% - ClusterFormation (75 min)  CVM booted up successfully
[#################################-------] 82.858% - ClusterFormation (76 min)  CVM booted up successfully
[2026-05-15 12:56:55] [INFO] [#################################-------] 82.858% - ClusterFormation (76 min)  CVM booted up successfully
[#################################-------] 82.858% - ClusterFormation (77 min)  CVM booted up successfully
[2026-05-15 12:57:26] [INFO] [#################################-------] 82.858% - ClusterFormation (77 min)  CVM booted up successfully
[#################################-------] 82.858% - ClusterFormation (77 min)  CVM booted up successfully
[2026-05-15 12:57:56] [INFO] [#################################-------] 82.858% - ClusterFormation (77 min)  CVM booted up successfully
[#################################-------] 82.858% - ClusterFormation (78 min)  CVM booted up successfully
[2026-05-15 12:58:26] [INFO] [#################################-------] 82.858% - ClusterFormation (78 min)  CVM booted up successfully
[#################################-------] 82.858% - ClusterFormation (78 min)  CVM booted up successfully
[2026-05-15 12:58:56] [INFO] [#################################-------] 82.858% - ClusterFormation (78 min)  CVM booted up successfully
